-------------------------------------------------------------------------------
Test set: com.youssef.webapp.EmployeeControllerTest
-------------------------------------------------------------------------------
Tests run: 1, Failures: 0, Errors: 1, Skipped: 0, Time elapsed: 3.24 s <<< FAILURE! - in com.youssef.webapp.EmployeeControllerTest
testGetEmployees  Time elapsed: 1.397 s  <<< ERROR!
org.springframework.web.util.NestedServletException: Request processing failed; nested exception is org.springframework.web.client.ResourceAccessException: I/O error on GET request for "http://localhost:9000/employees": Connection refused: connect; nested exception is java.net.ConnectException: Connection refused: connect
	at com.youssef.webapp.EmployeeControllerTest.testGetEmployees(EmployeeControllerTest.java:27)
Caused by: org.springframework.web.client.ResourceAccessException: I/O error on GET request for "http://localhost:9000/employees": Connection refused: connect; nested exception is java.net.ConnectException: Connection refused: connect
	at com.youssef.webapp.EmployeeControllerTest.testGetEmployees(EmployeeControllerTest.java:27)
Caused by: java.net.ConnectException: Connection refused: connect
	at com.youssef.webapp.EmployeeControllerTest.testGetEmployees(EmployeeControllerTest.java:27)

